*** Using Compiler 'V5.06 update 5 (build 528)', folder: 'D:\keil5\ARM\ARMCC\Bin'
Build target 'PWM_generator'
assembling startup_stm32f030x8.s...
compiling stm32f0xx_hal.c...
compiling stm32f0xx_hal_msp.c...
compiling tim.c...
compiling gpio.c...
compiling stm32f0xx_hal_i2c_ex.c...
compiling main.c...
compiling stm32f0xx_hal_rcc_ex.c...
compiling stm32f0xx_hal_rcc.c...
compiling stm32f0xx_it.c...
compiling stm32f0xx_hal_tim_ex.c...
compiling stm32f0xx_hal_tim.c...
compiling stm32f0xx_hal_i2c.c...
compiling stm32f0xx_hal_pwr.c...
compiling stm32f0xx_hal_cortex.c...
compiling stm32f0xx_hal_gpio.c...
compiling stm32f0xx_hal_dma.c...
compiling stm32f0xx_hal_pwr_ex.c...
compiling system_stm32f0xx.c...
compiling stm32f0xx_hal_flash_ex.c...
compiling stm32f0xx_hal_exti.c...
compiling stm32f0xx_hal_flash.c...
linking...
Program Size: Code=5410 RO-data=230 RW-data=16 ZI-data=1704  
FromELF: creating hex file...
"PWM_generator\PWM_generator.axf" - 0 Error(s), 0 Warning(s).
Build Time Elapsed:  00:00:04
